<?xml version="1.0" encoding="UTF-8"?>
<!-- Generated by org.testng.reporters.JUnitReportReporter -->
<testsuite hostname="LAPTOP-EK8HG6MQ" failures="0" tests="1" name="TestScript.Tests" time="9.526" errors="0" timestamp="2023-07-18T16:20:56 BST" skipped="0">
  <testcase classname="TestScript.Tests" name="sample" time="9.526"/>
  <system-out/>
</testsuite> <!-- TestScript.Tests -->
