<?xml version="1.0" encoding="UTF-8"?>
<!-- Generated by org.testng.reporters.JUnitReportReporter -->
<testsuite hostname="LAPTOP-EK8HG6MQ" failures="0" tests="1" name="TestScript.Tests" time="5.986" errors="0" timestamp="2023-07-07T17:29:55 BST" skipped="0">
  <testcase classname="TestScript.Tests" name="sample" time="5.986"/>
  <system-out/>
</testsuite> <!-- TestScript.Tests -->
